M:\BOOK\C++ 2010 NETWORK\SOURCE\03\3-2\IP\DEBUG\IP.EXE
M:\BOOK\C++ 2010 NETWORK\SOURCE\03\3-2\IP\DEBUG\IP.ILK
M:\BOOK\C++ 2010 NETWORK\SOURCE\03\3-2\IP\DEBUG\IP.PDB
M:\BOOK\C++ 2010 NETWORK\SOURCE\03\3-2\IP\IP\DEBUG\.NETFRAMEWORK,VERSION=V4.0.ASSEMBLYATTRIBUTES.OBJ
M:\BOOK\C++ 2010 NETWORK\SOURCE\03\3-2\IP\IP\DEBUG\APP.RES
M:\BOOK\C++ 2010 NETWORK\SOURCE\03\3-2\IP\IP\DEBUG\ASSEMBLYINFO.OBJ
M:\Book\C++ 2010 Network\Source\03\3-2\IP\IP\Debug\cl.command.1.tlog
M:\Book\C++ 2010 Network\Source\03\3-2\IP\IP\Debug\CL.read.1.tlog
M:\Book\C++ 2010 Network\Source\03\3-2\IP\IP\Debug\CL.write.1.tlog
M:\Book\C++ 2010 Network\Source\03\3-2\IP\IP\Debug\GenerateResource.read.1.tlog
M:\Book\C++ 2010 Network\Source\03\3-2\IP\IP\Debug\GenerateResource.write.1.tlog
M:\BOOK\C++ 2010 NETWORK\SOURCE\03\3-2\IP\IP\DEBUG\IP.EXE.INTERMEDIATE.MANIFEST
M:\BOOK\C++ 2010 NETWORK\SOURCE\03\3-2\IP\IP\DEBUG\IP.FORM1.RESOURCES
M:\BOOK\C++ 2010 NETWORK\SOURCE\03\3-2\IP\IP\DEBUG\IP.OBJ
M:\BOOK\C++ 2010 NETWORK\SOURCE\03\3-2\IP\IP\DEBUG\IP.PCH
M:\Book\C++ 2010 Network\Source\03\3-2\IP\IP\Debug\IP.write.1.tlog
M:\Book\C++ 2010 Network\Source\03\3-2\IP\IP\Debug\link.2864.read.1.tlog
M:\Book\C++ 2010 Network\Source\03\3-2\IP\IP\Debug\link.2864.write.1.tlog
M:\Book\C++ 2010 Network\Source\03\3-2\IP\IP\Debug\link.2864-cvtres.read.1.tlog
M:\Book\C++ 2010 Network\Source\03\3-2\IP\IP\Debug\link.2864-cvtres.write.1.tlog
M:\Book\C++ 2010 Network\Source\03\3-2\IP\IP\Debug\link.command.1.tlog
M:\Book\C++ 2010 Network\Source\03\3-2\IP\IP\Debug\link.read.1.tlog
M:\Book\C++ 2010 Network\Source\03\3-2\IP\IP\Debug\link.write.1.tlog
M:\Book\C++ 2010 Network\Source\03\3-2\IP\IP\Debug\mt.command.1.tlog
M:\Book\C++ 2010 Network\Source\03\3-2\IP\IP\Debug\mt.read.1.tlog
M:\Book\C++ 2010 Network\Source\03\3-2\IP\IP\Debug\mt.write.1.tlog
M:\Book\C++ 2010 Network\Source\03\3-2\IP\IP\Debug\rc.command.1.tlog
M:\Book\C++ 2010 Network\Source\03\3-2\IP\IP\Debug\rc.read.1.tlog
M:\Book\C++ 2010 Network\Source\03\3-2\IP\IP\Debug\rc.write.1.tlog
M:\BOOK\C++ 2010 NETWORK\SOURCE\03\3-2\IP\IP\DEBUG\STDAFX.OBJ
M:\BOOK\C++ 2010 NETWORK\SOURCE\03\3-2\IP\IP\DEBUG\VC100.PDB
